<?xml version="1.0" encoding="UTF-8"?>
<!-- Generated by org.testng.reporters.JUnitReportReporter -->
<testsuite hostname="MSTU-PF4HAQHD" failures="0" tests="1" name="TestScript3.LoginTest" time="6.223" errors="0" timestamp="2025-07-25T23:36:48 MDT" skipped="0">
  <testcase classname="TestScript3.LoginTest" name="verifyUserIsAbleToLoginWithValidCredentials" time="6.223"/>
</testsuite> <!-- TestScript3.LoginTest -->
