<?xml version="1.0" encoding="UTF-8"?>
<!-- Generated by org.testng.reporters.JUnitReportReporter -->
<testsuite hostname="MSTU-PF4HAQHD" failures="0" tests="1" name="TestScript3.NewsTest" time="12.287" errors="0" timestamp="2025-07-25T23:36:48 MDT" skipped="0">
  <testcase classname="TestScript3.NewsTest" name="verifyWhetherUserCanAddNews" time="12.287"/>
</testsuite> <!-- TestScript3.NewsTest -->
