<?xml version="1.0" encoding="UTF-8"?>
<!-- Generated by org.testng.reporters.JUnitReportReporter -->
<testsuite hostname="MSTU-PF4HAQHD" failures="0" tests="1" name="TestScript3.AdminTest" time="18.416" errors="0" timestamp="2025-07-24T23:46:32 MDT" skipped="0">
  <testcase classname="TestScript3.AdminTest" name="verifyUserIsAbleToLoginWithValidCredentials" time="18.416"/>
</testsuite> <!-- TestScript3.AdminTest -->
