<?xml version="1.0" encoding="UTF-8"?>
<!-- Generated by org.testng.reporters.JUnitReportReporter -->
<testsuite hostname="MSTU-PF4HAQHD" failures="0" tests="4" name="TestScript3.Login" time="38.450" errors="0" timestamp="2025-07-14T00:26:49 MDT" skipped="0">
  <testcase classname="TestScript3.Login" name="loginTest2" time="8.439"/>
  <testcase classname="TestScript3.Login" name="loginTest4" time="10.262"/>
  <testcase classname="TestScript3.Login" name="loginTest" time="10.431"/>
  <testcase classname="TestScript3.Login" name="loginTest3" time="9.318"/>
</testsuite> <!-- TestScript3.Login -->
